<?xml version="1.0" encoding="UTF-8"?><testsuite name="nosetests" tests="1" errors="1" failures="0" skip="0"><testcase classname="aloe.testclass.As a customer" name="Adding one thing to basket" time="280.467"><error type="selenium.common.exceptions.ElementNotVisibleException" message="Message: element not visible&#10;  (Session info: chrome=66.0.3359.181)&#10;  (Driver info: chromedriver=2.36 (0),platform=Linux 4.13.0-43-generic x86_64)&#10;&#10;-------------------- &gt;&gt; begin captured stdout &lt;&lt; ---------------------&#10;I open browser specially for you!&#10;&gt; /home/zaneta/Desktop/Python_challenge/Python_challenge/ShopOnline/features/steps/page.py(41)add_to_cart_button_click()&#10;-&gt; list_of_products = self.driver.find_elements(*CategoryPageLocators.list_of_products)&#10;(Pdb) *** NameError: name 'list_of_products' is not defined&#10;(Pdb) *** NameError: name 'list_of_products' is not defined&#10;(Pdb)  36  &#9;     product = list_of_products[product_number]&#10; 37  &#9;     ActionChains(self.driver).move_to_element(product)&#10; 38  &#9;&#10; 39  &#9; def add_to_cart_button_click(self, product_number=1):&#10; 40  &#9;     pdb.set_trace()&#10; 41  -&gt;&#9;     list_of_products = self.driver.find_elements(*CategoryPageLocators.list_of_products)&#10; 42  &#9;     product = list_of_products[product_number]&#10; 43  &#9;     element = product.find_element(*CategoryPageLocators.add_to_cart_button)&#10; 44  &#9;     element.click()&#10; 45  &#9;&#10; 46  &#9; def price_of_product_is_visible(self, product_number=1):&#10;(Pdb) --Call--&#10;&gt; /usr/local/lib/python2.7/dist-packages/selenium/webdriver/remote/webdriver.py(959)find_elements()&#10;-&gt; def find_elements(self, by=By.ID, value=None):&#10;(Pdb) &gt; /usr/local/lib/python2.7/dist-packages/selenium/webdriver/remote/webdriver.py(968)find_elements()&#10;-&gt; if self.w3c:&#10;(Pdb) &gt; /usr/local/lib/python2.7/dist-packages/selenium/webdriver/remote/webdriver.py(983)find_elements()&#10;-&gt; return self.execute(Command.FIND_ELEMENTS, {&#10;(Pdb) &gt; /usr/local/lib/python2.7/dist-packages/selenium/webdriver/remote/webdriver.py(984)find_elements()&#10;-&gt; 'using': by,&#10;(Pdb) &gt; /usr/local/lib/python2.7/dist-packages/selenium/webdriver/remote/webdriver.py(985)find_elements()&#10;-&gt; 'value': value})['value'] or []&#10;(Pdb) I close browser specially for you!&#10;&#10;--------------------- &gt;&gt; end captured stdout &lt;&lt; ----------------------&#10;-------------------- &gt;&gt; begin captured logging &lt;&lt; --------------------&#10;selenium.webdriver.remote.remote_connection: DEBUG: POST http://127.0.0.1:48085/session {&quot;capabilities&quot;: {&quot;alwaysMatch&quot;: {&quot;goog:chromeOptions&quot;: {&quot;args&quot;: [], &quot;extensions&quot;: []}, &quot;browserName&quot;: &quot;chrome&quot;, &quot;platformName&quot;: &quot;any&quot;}, &quot;firstMatch&quot;: [{}]}, &quot;desiredCapabilities&quot;: {&quot;goog:chromeOptions&quot;: {&quot;args&quot;: [], &quot;extensions&quot;: []}, &quot;platform&quot;: &quot;ANY&quot;, &quot;browserName&quot;: &quot;chrome&quot;, &quot;version&quot;: &quot;&quot;}}&#10;selenium.webdriver.remote.remote_connection: DEBUG: Finished Request&#10;selenium.webdriver.remote.remote_connection: DEBUG: POST http://127.0.0.1:48085/session/c4f4f88496ca3c9456a4c7fba51adec7/window/current/maximize {&quot;windowHandle&quot;: &quot;current&quot;, &quot;sessionId&quot;: &quot;c4f4f88496ca3c9456a4c7fba51adec7&quot;}&#10;selenium.webdriver.remote.remote_connection: DEBUG: Finished Request&#10;selenium.webdriver.remote.remote_connection: DEBUG: POST http://127.0.0.1:48085/session/c4f4f88496ca3c9456a4c7fba51adec7/url {&quot;url&quot;: &quot;http://automationpractice.com/index.php&quot;, &quot;sessionId&quot;: &quot;c4f4f88496ca3c9456a4c7fba51adec7&quot;}&#10;selenium.webdriver.remote.remote_connection: DEBUG: Finished Request&#10;selenium.webdriver.remote.remote_connection: DEBUG: POST http://127.0.0.1:48085/session/c4f4f88496ca3c9456a4c7fba51adec7/window/current/maximize {&quot;windowHandle&quot;: &quot;current&quot;, &quot;sessionId&quot;: &quot;c4f4f88496ca3c9456a4c7fba51adec7&quot;}&#10;selenium.webdriver.remote.remote_connection: DEBUG: Finished Request&#10;selenium.webdriver.remote.remote_connection: DEBUG: POST http://127.0.0.1:48085/session/c4f4f88496ca3c9456a4c7fba51adec7/element {&quot;using&quot;: &quot;partial link text&quot;, &quot;sessionId&quot;: &quot;c4f4f88496ca3c9456a4c7fba51adec7&quot;, &quot;value&quot;: &quot;Women&quot;}&#10;selenium.webdriver.remote.remote_connection: DEBUG: Finished Request&#10;selenium.webdriver.remote.remote_connection: DEBUG: POST http://127.0.0.1:48085/session/c4f4f88496ca3c9456a4c7fba51adec7/element/0.8100838154182983-1/click {&quot;sessionId&quot;: &quot;c4f4f88496ca3c9456a4c7fba51adec7&quot;, &quot;id&quot;: &quot;0.8100838154182983-1&quot;}&#10;selenium.webdriver.remote.remote_connection: DEBUG: Finished Request&#10;selenium.webdriver.remote.remote_connection: DEBUG: POST http://127.0.0.1:48085/session/c4f4f88496ca3c9456a4c7fba51adec7/elements {&quot;using&quot;: &quot;xpath&quot;, &quot;sessionId&quot;: &quot;c4f4f88496ca3c9456a4c7fba51adec7&quot;, &quot;value&quot;: &quot;//ul[contains(@class,'product_list')]/li&quot;}&#10;selenium.webdriver.remote.remote_connection: DEBUG: Finished Request&#10;selenium.webdriver.remote.remote_connection: DEBUG: POST http://127.0.0.1:48085/session/c4f4f88496ca3c9456a4c7fba51adec7/elements {&quot;using&quot;: &quot;xpath&quot;, &quot;sessionId&quot;: &quot;c4f4f88496ca3c9456a4c7fba51adec7&quot;, &quot;value&quot;: &quot;//ul[contains(@class,'product_list')]/li&quot;}&#10;selenium.webdriver.remote.remote_connection: DEBUG: Finished Request&#10;selenium.webdriver.remote.remote_connection: DEBUG: POST http://127.0.0.1:48085/session/c4f4f88496ca3c9456a4c7fba51adec7/elements {&quot;using&quot;: &quot;xpath&quot;, &quot;sessionId&quot;: &quot;c4f4f88496ca3c9456a4c7fba51adec7&quot;, &quot;value&quot;: &quot;//ul[contains(@class,'product_list')]/li&quot;}&#10;selenium.webdriver.remote.remote_connection: DEBUG: Finished Request&#10;selenium.webdriver.remote.remote_connection: DEBUG: POST http://127.0.0.1:48085/session/c4f4f88496ca3c9456a4c7fba51adec7/element/0.8733081870018982-3/element {&quot;using&quot;: &quot;xpath&quot;, &quot;sessionId&quot;: &quot;c4f4f88496ca3c9456a4c7fba51adec7&quot;, &quot;id&quot;: &quot;0.8733081870018982-3&quot;, &quot;value&quot;: &quot;//a[contains(@title, 'View') and contains(@itemprop,'url')]&quot;}&#10;selenium.webdriver.remote.remote_connection: DEBUG: Finished Request&#10;selenium.webdriver.remote.remote_connection: DEBUG: GET http://127.0.0.1:48085/session/c4f4f88496ca3c9456a4c7fba51adec7/element/0.8733081870018982-8/displayed {&quot;sessionId&quot;: &quot;c4f4f88496ca3c9456a4c7fba51adec7&quot;, &quot;id&quot;: &quot;0.8733081870018982-8&quot;}&#10;selenium.webdriver.remote.remote_connection: DEBUG: Finished Request&#10;selenium.webdriver.remote.remote_connection: DEBUG: POST http://127.0.0.1:48085/session/c4f4f88496ca3c9456a4c7fba51adec7/elements {&quot;using&quot;: &quot;xpath&quot;, &quot;sessionId&quot;: &quot;c4f4f88496ca3c9456a4c7fba51adec7&quot;, &quot;value&quot;: &quot;//ul[contains(@class,'product_list')]/li&quot;}&#10;selenium.webdriver.remote.remote_connection: DEBUG: Finished Request&#10;selenium.webdriver.remote.remote_connection: DEBUG: POST http://127.0.0.1:48085/session/c4f4f88496ca3c9456a4c7fba51adec7/element/0.8733081870018982-3/element {&quot;using&quot;: &quot;xpath&quot;, &quot;sessionId&quot;: &quot;c4f4f88496ca3c9456a4c7fba51adec7&quot;, &quot;id&quot;: &quot;0.8733081870018982-3&quot;, &quot;value&quot;: &quot;//span[contains(@class, 'price product-price')]&quot;}&#10;selenium.webdriver.remote.remote_connection: DEBUG: Finished Request&#10;selenium.webdriver.remote.remote_connection: DEBUG: GET http://127.0.0.1:48085/session/c4f4f88496ca3c9456a4c7fba51adec7/element/0.8733081870018982-9/displayed {&quot;sessionId&quot;: &quot;c4f4f88496ca3c9456a4c7fba51adec7&quot;, &quot;id&quot;: &quot;0.8733081870018982-9&quot;}&#10;selenium.webdriver.remote.remote_connection: DEBUG: Finished Request&#10;selenium.webdriver.remote.remote_connection: DEBUG: POST http://127.0.0.1:48085/session/c4f4f88496ca3c9456a4c7fba51adec7/elements {&quot;using&quot;: &quot;xpath&quot;, &quot;sessionId&quot;: &quot;c4f4f88496ca3c9456a4c7fba51adec7&quot;, &quot;value&quot;: &quot;//ul[contains(@class,'product_list')]/li&quot;}&#10;selenium.webdriver.remote.remote_connection: DEBUG: Finished Request&#10;selenium.webdriver.remote.remote_connection: DEBUG: POST http://127.0.0.1:48085/session/c4f4f88496ca3c9456a4c7fba51adec7/element/0.8733081870018982-3/element {&quot;using&quot;: &quot;xpath&quot;, &quot;sessionId&quot;: &quot;c4f4f88496ca3c9456a4c7fba51adec7&quot;, &quot;id&quot;: &quot;0.8733081870018982-3&quot;, &quot;value&quot;: &quot;.//a[contains(@title, 'Add to cart')]&quot;}&#10;selenium.webdriver.remote.remote_connection: DEBUG: Finished Request&#10;selenium.webdriver.remote.remote_connection: DEBUG: POST http://127.0.0.1:48085/session/c4f4f88496ca3c9456a4c7fba51adec7/element/0.8733081870018982-10/click {&quot;sessionId&quot;: &quot;c4f4f88496ca3c9456a4c7fba51adec7&quot;, &quot;id&quot;: &quot;0.8733081870018982-10&quot;}&#10;selenium.webdriver.remote.remote_connection: DEBUG: Finished Request&#10;selenium.webdriver.remote.remote_connection: DEBUG: DELETE http://127.0.0.1:48085/session/c4f4f88496ca3c9456a4c7fba51adec7 {&quot;sessionId&quot;: &quot;c4f4f88496ca3c9456a4c7fba51adec7&quot;}&#10;selenium.webdriver.remote.remote_connection: DEBUG: Finished Request&#10;--------------------- &gt;&gt; end captured logging &lt;&lt; ---------------------"><![CDATA[  File "/usr/lib/python2.7/unittest/case.py", line 329, in run
    testMethod()
  File "/usr/local/lib/python2.7/dist-packages/aloe/registry.py", line 161, in wrapped
    return function(*args, **kwargs)
  File "/home/zaneta/Desktop/Python_challenge/Python_challenge/ShopOnline/features/Adding_clothes_to_basket.feature", line 10, in Adding one thing to basket
    And Add to cart button is clicked
  File "/usr/local/lib/python2.7/dist-packages/aloe/registry.py", line 161, in wrapped
    return function(*args, **kwargs)
  File "/home/zaneta/Desktop/Python_challenge/Python_challenge/ShopOnline/features/steps/main_steps.py", line 52, in add_to_cart_button_click
    CategoryPage(world.driver).add_to_cart_button_click(2)
  File "/home/zaneta/Desktop/Python_challenge/Python_challenge/ShopOnline/features/steps/page.py", line 44, in add_to_cart_button_click
    element.click()
  File "/usr/local/lib/python2.7/dist-packages/selenium/webdriver/remote/webelement.py", line 80, in click
    self._execute(Command.CLICK_ELEMENT)
  File "/usr/local/lib/python2.7/dist-packages/selenium/webdriver/remote/webelement.py", line 628, in _execute
    return self._parent.execute(command, params)
  File "/usr/local/lib/python2.7/dist-packages/selenium/webdriver/remote/webdriver.py", line 314, in execute
    self.error_handler.check_response(response)
  File "/usr/local/lib/python2.7/dist-packages/selenium/webdriver/remote/errorhandler.py", line 242, in check_response
    raise exception_class(message, screen, stacktrace)
'Message: element not visible\n  (Session info: chrome=66.0.3359.181)\n  (Driver info: chromedriver=2.36 (0),platform=Linux 4.13.0-43-generic x86_64)\n\n-------------------- >> begin captured stdout << ---------------------\nI open browser specially for you!\n> /home/zaneta/Desktop/Python_challenge/Python_challenge/ShopOnline/features/steps/page.py(41)add_to_cart_button_click()\n-> list_of_products = self.driver.find_elements(*CategoryPageLocators.list_of_products)\n(Pdb) *** NameError: name \'list_of_products\' is not defined\n(Pdb) *** NameError: name \'list_of_products\' is not defined\n(Pdb)  36  \t     product = list_of_products[product_number]\n 37  \t     ActionChains(self.driver).move_to_element(product)\n 38  \t\n 39  \t def add_to_cart_button_click(self, product_number=1):\n 40  \t     pdb.set_trace()\n 41  ->\t     list_of_products = self.driver.find_elements(*CategoryPageLocators.list_of_products)\n 42  \t     product = list_of_products[product_number]\n 43  \t     element = product.find_element(*CategoryPageLocators.add_to_cart_button)\n 44  \t     element.click()\n 45  \t\n 46  \t def price_of_product_is_visible(self, product_number=1):\n(Pdb) --Call--\n> /usr/local/lib/python2.7/dist-packages/selenium/webdriver/remote/webdriver.py(959)find_elements()\n-> def find_elements(self, by=By.ID, value=None):\n(Pdb) > /usr/local/lib/python2.7/dist-packages/selenium/webdriver/remote/webdriver.py(968)find_elements()\n-> if self.w3c:\n(Pdb) > /usr/local/lib/python2.7/dist-packages/selenium/webdriver/remote/webdriver.py(983)find_elements()\n-> return self.execute(Command.FIND_ELEMENTS, {\n(Pdb) > /usr/local/lib/python2.7/dist-packages/selenium/webdriver/remote/webdriver.py(984)find_elements()\n-> \'using\': by,\n(Pdb) > /usr/local/lib/python2.7/dist-packages/selenium/webdriver/remote/webdriver.py(985)find_elements()\n-> \'value\': value})[\'value\'] or []\n(Pdb) I close browser specially for you!\n\n--------------------- >> end captured stdout << ----------------------\n-------------------- >> begin captured logging << --------------------\nselenium.webdriver.remote.remote_connection: DEBUG: POST http://127.0.0.1:48085/session {"capabilities": {"alwaysMatch": {"goog:chromeOptions": {"args": [], "extensions": []}, "browserName": "chrome", "platformName": "any"}, "firstMatch": [{}]}, "desiredCapabilities": {"goog:chromeOptions": {"args": [], "extensions": []}, "platform": "ANY", "browserName": "chrome", "version": ""}}\nselenium.webdriver.remote.remote_connection: DEBUG: Finished Request\nselenium.webdriver.remote.remote_connection: DEBUG: POST http://127.0.0.1:48085/session/c4f4f88496ca3c9456a4c7fba51adec7/window/current/maximize {"windowHandle": "current", "sessionId": "c4f4f88496ca3c9456a4c7fba51adec7"}\nselenium.webdriver.remote.remote_connection: DEBUG: Finished Request\nselenium.webdriver.remote.remote_connection: DEBUG: POST http://127.0.0.1:48085/session/c4f4f88496ca3c9456a4c7fba51adec7/url {"url": "http://automationpractice.com/index.php", "sessionId": "c4f4f88496ca3c9456a4c7fba51adec7"}\nselenium.webdriver.remote.remote_connection: DEBUG: Finished Request\nselenium.webdriver.remote.remote_connection: DEBUG: POST http://127.0.0.1:48085/session/c4f4f88496ca3c9456a4c7fba51adec7/window/current/maximize {"windowHandle": "current", "sessionId": "c4f4f88496ca3c9456a4c7fba51adec7"}\nselenium.webdriver.remote.remote_connection: DEBUG: Finished Request\nselenium.webdriver.remote.remote_connection: DEBUG: POST http://127.0.0.1:48085/session/c4f4f88496ca3c9456a4c7fba51adec7/element {"using": "partial link text", "sessionId": "c4f4f88496ca3c9456a4c7fba51adec7", "value": "Women"}\nselenium.webdriver.remote.remote_connection: DEBUG: Finished Request\nselenium.webdriver.remote.remote_connection: DEBUG: POST http://127.0.0.1:48085/session/c4f4f88496ca3c9456a4c7fba51adec7/element/0.8100838154182983-1/click {"sessionId": "c4f4f88496ca3c9456a4c7fba51adec7", "id": "0.8100838154182983-1"}\nselenium.webdriver.remote.remote_connection: DEBUG: Finished Request\nselenium.webdriver.remote.remote_connection: DEBUG: POST http://127.0.0.1:48085/session/c4f4f88496ca3c9456a4c7fba51adec7/elements {"using": "xpath", "sessionId": "c4f4f88496ca3c9456a4c7fba51adec7", "value": "//ul[contains(@class,\'product_list\')]/li"}\nselenium.webdriver.remote.remote_connection: DEBUG: Finished Request\nselenium.webdriver.remote.remote_connection: DEBUG: POST http://127.0.0.1:48085/session/c4f4f88496ca3c9456a4c7fba51adec7/elements {"using": "xpath", "sessionId": "c4f4f88496ca3c9456a4c7fba51adec7", "value": "//ul[contains(@class,\'product_list\')]/li"}\nselenium.webdriver.remote.remote_connection: DEBUG: Finished Request\nselenium.webdriver.remote.remote_connection: DEBUG: POST http://127.0.0.1:48085/session/c4f4f88496ca3c9456a4c7fba51adec7/elements {"using": "xpath", "sessionId": "c4f4f88496ca3c9456a4c7fba51adec7", "value": "//ul[contains(@class,\'product_list\')]/li"}\nselenium.webdriver.remote.remote_connection: DEBUG: Finished Request\nselenium.webdriver.remote.remote_connection: DEBUG: POST http://127.0.0.1:48085/session/c4f4f88496ca3c9456a4c7fba51adec7/element/0.8733081870018982-3/element {"using": "xpath", "sessionId": "c4f4f88496ca3c9456a4c7fba51adec7", "id": "0.8733081870018982-3", "value": "//a[contains(@title, \'View\') and contains(@itemprop,\'url\')]"}\nselenium.webdriver.remote.remote_connection: DEBUG: Finished Request\nselenium.webdriver.remote.remote_connection: DEBUG: GET http://127.0.0.1:48085/session/c4f4f88496ca3c9456a4c7fba51adec7/element/0.8733081870018982-8/displayed {"sessionId": "c4f4f88496ca3c9456a4c7fba51adec7", "id": "0.8733081870018982-8"}\nselenium.webdriver.remote.remote_connection: DEBUG: Finished Request\nselenium.webdriver.remote.remote_connection: DEBUG: POST http://127.0.0.1:48085/session/c4f4f88496ca3c9456a4c7fba51adec7/elements {"using": "xpath", "sessionId": "c4f4f88496ca3c9456a4c7fba51adec7", "value": "//ul[contains(@class,\'product_list\')]/li"}\nselenium.webdriver.remote.remote_connection: DEBUG: Finished Request\nselenium.webdriver.remote.remote_connection: DEBUG: POST http://127.0.0.1:48085/session/c4f4f88496ca3c9456a4c7fba51adec7/element/0.8733081870018982-3/element {"using": "xpath", "sessionId": "c4f4f88496ca3c9456a4c7fba51adec7", "id": "0.8733081870018982-3", "value": "//span[contains(@class, \'price product-price\')]"}\nselenium.webdriver.remote.remote_connection: DEBUG: Finished Request\nselenium.webdriver.remote.remote_connection: DEBUG: GET http://127.0.0.1:48085/session/c4f4f88496ca3c9456a4c7fba51adec7/element/0.8733081870018982-9/displayed {"sessionId": "c4f4f88496ca3c9456a4c7fba51adec7", "id": "0.8733081870018982-9"}\nselenium.webdriver.remote.remote_connection: DEBUG: Finished Request\nselenium.webdriver.remote.remote_connection: DEBUG: POST http://127.0.0.1:48085/session/c4f4f88496ca3c9456a4c7fba51adec7/elements {"using": "xpath", "sessionId": "c4f4f88496ca3c9456a4c7fba51adec7", "value": "//ul[contains(@class,\'product_list\')]/li"}\nselenium.webdriver.remote.remote_connection: DEBUG: Finished Request\nselenium.webdriver.remote.remote_connection: DEBUG: POST http://127.0.0.1:48085/session/c4f4f88496ca3c9456a4c7fba51adec7/element/0.8733081870018982-3/element {"using": "xpath", "sessionId": "c4f4f88496ca3c9456a4c7fba51adec7", "id": "0.8733081870018982-3", "value": ".//a[contains(@title, \'Add to cart\')]"}\nselenium.webdriver.remote.remote_connection: DEBUG: Finished Request\nselenium.webdriver.remote.remote_connection: DEBUG: POST http://127.0.0.1:48085/session/c4f4f88496ca3c9456a4c7fba51adec7/element/0.8733081870018982-10/click {"sessionId": "c4f4f88496ca3c9456a4c7fba51adec7", "id": "0.8733081870018982-10"}\nselenium.webdriver.remote.remote_connection: DEBUG: Finished Request\nselenium.webdriver.remote.remote_connection: DEBUG: DELETE http://127.0.0.1:48085/session/c4f4f88496ca3c9456a4c7fba51adec7 {"sessionId": "c4f4f88496ca3c9456a4c7fba51adec7"}\nselenium.webdriver.remote.remote_connection: DEBUG: Finished Request\n--------------------- >> end captured logging << ---------------------']]></error><system-out><![CDATA[I open browser specially for you!
> /home/zaneta/Desktop/Python_challenge/Python_challenge/ShopOnline/features/steps/page.py(41)add_to_cart_button_click()
-> list_of_products = self.driver.find_elements(*CategoryPageLocators.list_of_products)
(Pdb) *** NameError: name 'list_of_products' is not defined
(Pdb) *** NameError: name 'list_of_products' is not defined
(Pdb)  36  	     product = list_of_products[product_number]
 37  	     ActionChains(self.driver).move_to_element(product)
 38  	
 39  	 def add_to_cart_button_click(self, product_number=1):
 40  	     pdb.set_trace()
 41  ->	     list_of_products = self.driver.find_elements(*CategoryPageLocators.list_of_products)
 42  	     product = list_of_products[product_number]
 43  	     element = product.find_element(*CategoryPageLocators.add_to_cart_button)
 44  	     element.click()
 45  	
 46  	 def price_of_product_is_visible(self, product_number=1):
(Pdb) --Call--
> /usr/local/lib/python2.7/dist-packages/selenium/webdriver/remote/webdriver.py(959)find_elements()
-> def find_elements(self, by=By.ID, value=None):
(Pdb) > /usr/local/lib/python2.7/dist-packages/selenium/webdriver/remote/webdriver.py(968)find_elements()
-> if self.w3c:
(Pdb) > /usr/local/lib/python2.7/dist-packages/selenium/webdriver/remote/webdriver.py(983)find_elements()
-> return self.execute(Command.FIND_ELEMENTS, {
(Pdb) > /usr/local/lib/python2.7/dist-packages/selenium/webdriver/remote/webdriver.py(984)find_elements()
-> 'using': by,
(Pdb) > /usr/local/lib/python2.7/dist-packages/selenium/webdriver/remote/webdriver.py(985)find_elements()
-> 'value': value})['value'] or []
(Pdb) I close browser specially for you!
]]></system-out></testcase></testsuite>